
AVRASM ver. 2.1.30  C:\Users\Thuan Oc Cho'\Desktop\Report\ATMega8\Project\ProjectTriac_ver2\Debug\List\ProjectTriac2.asm Thu Aug 02 10:26:28 2018

C:\Users\Thuan Oc Cho'\Desktop\Report\ATMega8\Project\ProjectTriac_ver2\Debug\List\ProjectTriac2.asm(1086): warning: Register r4 already defined by the .DEF directive
C:\Users\Thuan Oc Cho'\Desktop\Report\ATMega8\Project\ProjectTriac_ver2\Debug\List\ProjectTriac2.asm(1087): warning: Register r5 already defined by the .DEF directive
C:\Users\Thuan Oc Cho'\Desktop\Report\ATMega8\Project\ProjectTriac_ver2\Debug\List\ProjectTriac2.asm(1088): warning: Register r6 already defined by the .DEF directive
C:\Users\Thuan Oc Cho'\Desktop\Report\ATMega8\Project\ProjectTriac_ver2\Debug\List\ProjectTriac2.asm(1089): warning: Register r7 already defined by the .DEF directive
C:\Users\Thuan Oc Cho'\Desktop\Report\ATMega8\Project\ProjectTriac_ver2\Debug\List\ProjectTriac2.asm(1090): warning: Register r8 already defined by the .DEF directive
C:\Users\Thuan Oc Cho'\Desktop\Report\ATMega8\Project\ProjectTriac_ver2\Debug\List\ProjectTriac2.asm(1091): warning: Register r9 already defined by the .DEF directive
C:\Users\Thuan Oc Cho'\Desktop\Report\ATMega8\Project\ProjectTriac_ver2\Debug\List\ProjectTriac2.asm(1092): warning: Register r11 already defined by the .DEF directive
C:\Users\Thuan Oc Cho'\Desktop\Report\ATMega8\Project\ProjectTriac_ver2\Debug\List\ProjectTriac2.asm(1093): warning: Register r12 already defined by the .DEF directive
C:\Users\Thuan Oc Cho'\Desktop\Report\ATMega8\Project\ProjectTriac_ver2\Debug\List\ProjectTriac2.asm(1094): warning: Register r13 already defined by the .DEF directive
                 
                 
                 ;CodeVisionAVR C Compiler V3.12 Advanced
                 ;(C) Copyright 1998-2014 Pavel Haiduc, HP InfoTech s.r.l.
                 ;http://www.hpinfotech.com
                 
                 ;Build configuration    : Debug
                 ;Chip type              : ATmega8
                 ;Program type           : Application
                 ;Clock frequency        : 8.000000 MHz
                 ;Memory model           : Small
                 ;Optimize for           : Size
                 ;(s)printf features     : int, width
                 ;(s)scanf features      : int, width
                 ;External RAM size      : 0
                 ;Data Stack size        : 256 byte(s)
                 ;Heap size              : 0 byte(s)
                 ;Promote 'char' to 'int': Yes
                 ;'char' is unsigned     : Yes
                 ;8 bit enums            : Yes
                 ;Global 'const' stored in FLASH: Yes
                 ;Enhanced function parameter passing: Yes
                 ;Enhanced core instructions: On
                 ;Automatic register allocation for global variables: On
                 ;Smart register allocation: On
                 
                 	#define _MODEL_SMALL_
                 
                 	#pragma AVRPART ADMIN PART_NAME ATmega8
                 	#pragma AVRPART MEMORY PROG_FLASH 8192
                 	#pragma AVRPART MEMORY EEPROM 512
                 	#pragma AVRPART MEMORY INT_SRAM SIZE 1024
                 	#pragma AVRPART MEMORY INT_SRAM START_ADDR 0x60
                 
                 	.LISTMAC
                 	.EQU UDRE=0x5
                 	.EQU RXC=0x7
                 	.EQU USR=0xB
                 	.EQU UDR=0xC
                 	.EQU SPSR=0xE
                 	.EQU SPDR=0xF
                 	.EQU EERE=0x0
                 	.EQU EEWE=0x1
                 	.EQU EEMWE=0x2
                 	.EQU EECR=0x1C
                 	.EQU EEDR=0x1D
                 	.EQU EEARL=0x1E
                 	.EQU EEARH=0x1F
                 	.EQU WDTCR=0x21
                 	.EQU MCUCR=0x35
                 	.EQU GICR=0x3B
                 	.EQU SPL=0x3D
                 	.EQU SPH=0x3E
                 	.EQU SREG=0x3F
                 
                 	.DEF R0X0=R0
                 	.DEF R0X1=R1
                 	.DEF R0X2=R2
                 	.DEF R0X3=R3
                 	.DEF R0X4=R4
                 	.DEF R0X5=R5
                 	.DEF R0X6=R6
                 	.DEF R0X7=R7
                 	.DEF R0X8=R8
                 	.DEF R0X9=R9
                 	.DEF R0XA=R10
                 	.DEF R0XB=R11
                 	.DEF R0XC=R12
                 	.DEF R0XD=R13
                 	.DEF R0XE=R14
                 	.DEF R0XF=R15
                 	.DEF R0X10=R16
                 	.DEF R0X11=R17
                 	.DEF R0X12=R18
                 	.DEF R0X13=R19
                 	.DEF R0X14=R20
                 	.DEF R0X15=R21
                 	.DEF R0X16=R22
                 	.DEF R0X17=R23
                 	.DEF R0X18=R24
                 	.DEF R0X19=R25
                 	.DEF R0X1A=R26
                 	.DEF R0X1B=R27
                 	.DEF R0X1C=R28
                 	.DEF R0X1D=R29
                 	.DEF R0X1E=R30
                 	.DEF R0X1F=R31
                 
                 	.EQU __SRAM_START=0x0060
                 	.EQU __SRAM_END=0x045F
                 	.EQU __DSTACK_SIZE=0x0100
                 	.EQU __HEAP_SIZE=0x0000
                 	.EQU __CLEAR_SRAM_SIZE=__SRAM_END-__SRAM_START+1
                 
                 	.MACRO __CPD1N
                 	CPI  R30,LOW(@0)
                 	LDI  R26,HIGH(@0)
                 	CPC  R31,R26
                 	LDI  R26,BYTE3(@0)
                 	CPC  R22,R26
                 	LDI  R26,BYTE4(@0)
                 	CPC  R23,R26
                 	.ENDM
                 
                 	.MACRO __CPD2N
                 	CPI  R26,LOW(@0)
                 	LDI  R30,HIGH(@0)
                 	CPC  R27,R30
                 	LDI  R30,BYTE3(@0)
                 	CPC  R24,R30
                 	LDI  R30,BYTE4(@0)
                 	CPC  R25,R30
                 	.ENDM
                 
                 	.MACRO __CPWRR
                 	CP   R@0,R@2
                 	CPC  R@1,R@3
                 	.ENDM
                 
                 	.MACRO __CPWRN
                 	CPI  R@0,LOW(@2)
                 	LDI  R30,HIGH(@2)
                 	CPC  R@1,R30
                 	.ENDM
                 
                 	.MACRO __ADDB1MN
                 	SUBI R30,LOW(-@0-(@1))
                 	.ENDM
                 
                 	.MACRO __ADDB2MN
                 	SUBI R26,LOW(-@0-(@1))
                 	.ENDM
                 
                 	.MACRO __ADDW1MN
                 	SUBI R30,LOW(-@0-(@1))
                 	SBCI R31,HIGH(-@0-(@1))
                 	.ENDM
                 
                 	.MACRO __ADDW2MN
                 	SUBI R26,LOW(-@0-(@1))
                 	SBCI R27,HIGH(-@0-(@1))
                 	.ENDM
                 
                 	.MACRO __ADDW1FN
                 	SUBI R30,LOW(-2*@0-(@1))
                 	SBCI R31,HIGH(-2*@0-(@1))
                 	.ENDM
                 
                 	.MACRO __ADDD1FN
                 	SUBI R30,LOW(-2*@0-(@1))
                 	SBCI R31,HIGH(-2*@0-(@1))
                 	SBCI R22,BYTE3(-2*@0-(@1))
                 	.ENDM
                 
                 	.MACRO __ADDD1N
                 	SUBI R30,LOW(-@0)
                 	SBCI R31,HIGH(-@0)
                 	SBCI R22,BYTE3(-@0)
                 	SBCI R23,BYTE4(-@0)
                 	.ENDM
                 
                 	.MACRO __ADDD2N
                 	SUBI R26,LOW(-@0)
                 	SBCI R27,HIGH(-@0)
                 	SBCI R24,BYTE3(-@0)
                 	SBCI R25,BYTE4(-@0)
                 	.ENDM
                 
                 	.MACRO __SUBD1N
                 	SUBI R30,LOW(@0)
                 	SBCI R31,HIGH(@0)
                 	SBCI R22,BYTE3(@0)
                 	SBCI R23,BYTE4(@0)
                 	.ENDM
                 
                 	.MACRO __SUBD2N
                 	SUBI R26,LOW(@0)
                 	SBCI R27,HIGH(@0)
                 	SBCI R24,BYTE3(@0)
                 	SBCI R25,BYTE4(@0)
                 	.ENDM
                 
                 	.MACRO __ANDBMNN
                 	LDS  R30,@0+(@1)
                 	ANDI R30,LOW(@2)
                 	STS  @0+(@1),R30
                 	.ENDM
                 
                 	.MACRO __ANDWMNN
                 	LDS  R30,@0+(@1)
                 	ANDI R30,LOW(@2)
                 	STS  @0+(@1),R30
                 	LDS  R30,@0+(@1)+1
                 	ANDI R30,HIGH(@2)
                 	STS  @0+(@1)+1,R30
                 	.ENDM
                 
                 	.MACRO __ANDD1N
                 	ANDI R30,LOW(@0)
                 	ANDI R31,HIGH(@0)
                 	ANDI R22,BYTE3(@0)
                 	ANDI R23,BYTE4(@0)
                 	.ENDM
                 
                 	.MACRO __ANDD2N
                 	ANDI R26,LOW(@0)
                 	ANDI R27,HIGH(@0)
                 	ANDI R24,BYTE3(@0)
                 	ANDI R25,BYTE4(@0)
                 	.ENDM
                 
                 	.MACRO __ORBMNN
                 	LDS  R30,@0+(@1)
                 	ORI  R30,LOW(@2)
                 	STS  @0+(@1),R30
                 	.ENDM
                 
                 	.MACRO __ORWMNN
                 	LDS  R30,@0+(@1)
                 	ORI  R30,LOW(@2)
                 	STS  @0+(@1),R30
                 	LDS  R30,@0+(@1)+1
                 	ORI  R30,HIGH(@2)
                 	STS  @0+(@1)+1,R30
                 	.ENDM
                 
                 	.MACRO __ORD1N
                 	ORI  R30,LOW(@0)
                 	ORI  R31,HIGH(@0)
                 	ORI  R22,BYTE3(@0)
                 	ORI  R23,BYTE4(@0)
                 	.ENDM
                 
                 	.MACRO __ORD2N
                 	ORI  R26,LOW(@0)
                 	ORI  R27,HIGH(@0)
                 	ORI  R24,BYTE3(@0)
                 	ORI  R25,BYTE4(@0)
                 	.ENDM
                 
                 	.MACRO __DELAY_USB
                 	LDI  R24,LOW(@0)
                 __DELAY_USB_LOOP:
                 	DEC  R24
                 	BRNE __DELAY_USB_LOOP
                 	.ENDM
                 
                 	.MACRO __DELAY_USW
                 	LDI  R24,LOW(@0)
                 	LDI  R25,HIGH(@0)
                 __DELAY_USW_LOOP:
                 	SBIW R24,1
                 	BRNE __DELAY_USW_LOOP
                 	.ENDM
                 
                 	.MACRO __GETD1S
                 	LDD  R30,Y+@0
                 	LDD  R31,Y+@0+1
                 	LDD  R22,Y+@0+2
                 	LDD  R23,Y+@0+3
                 	.ENDM
                 
                 	.MACRO __GETD2S
                 	LDD  R26,Y+@0
                 	LDD  R27,Y+@0+1
                 	LDD  R24,Y+@0+2
                 	LDD  R25,Y+@0+3
                 	.ENDM
                 
                 	.MACRO __PUTD1S
                 	STD  Y+@0,R30
                 	STD  Y+@0+1,R31
                 	STD  Y+@0+2,R22
                 	STD  Y+@0+3,R23
                 	.ENDM
                 
                 	.MACRO __PUTD2S
                 	STD  Y+@0,R26
                 	STD  Y+@0+1,R27
                 	STD  Y+@0+2,R24
                 	STD  Y+@0+3,R25
                 	.ENDM
                 
                 	.MACRO __PUTDZ2
                 	STD  Z+@0,R26
                 	STD  Z+@0+1,R27
                 	STD  Z+@0+2,R24
                 	STD  Z+@0+3,R25
                 	.ENDM
                 
                 	.MACRO __CLRD1S
                 	STD  Y+@0,R30
                 	STD  Y+@0+1,R30
                 	STD  Y+@0+2,R30
                 	STD  Y+@0+3,R30
                 	.ENDM
                 
                 	.MACRO __POINTB1MN
                 	LDI  R30,LOW(@0+(@1))
                 	.ENDM
                 
                 	.MACRO __POINTW1MN
                 	LDI  R30,LOW(@0+(@1))
                 	LDI  R31,HIGH(@0+(@1))
                 	.ENDM
                 
                 	.MACRO __POINTD1M
                 	LDI  R30,LOW(@0)
                 	LDI  R31,HIGH(@0)
                 	LDI  R22,BYTE3(@0)
                 	LDI  R23,BYTE4(@0)
                 	.ENDM
                 
                 	.MACRO __POINTW1FN
                 	LDI  R30,LOW(2*@0+(@1))
                 	LDI  R31,HIGH(2*@0+(@1))
                 	.ENDM
                 
                 	.MACRO __POINTD1FN
                 	LDI  R30,LOW(2*@0+(@1))
                 	LDI  R31,HIGH(2*@0+(@1))
                 	LDI  R22,BYTE3(2*@0+(@1))
                 	LDI  R23,BYTE4(2*@0+(@1))
                 	.ENDM
                 
                 	.MACRO __POINTB2MN
                 	LDI  R26,LOW(@0+(@1))
                 	.ENDM
                 
                 	.MACRO __POINTW2MN
                 	LDI  R26,LOW(@0+(@1))
                 	LDI  R27,HIGH(@0+(@1))
                 	.ENDM
                 
                 	.MACRO __POINTW2FN
                 	LDI  R26,LOW(2*@0+(@1))
                 	LDI  R27,HIGH(2*@0+(@1))
                 	.ENDM
                 
                 	.MACRO __POINTD2FN
                 	LDI  R26,LOW(2*@0+(@1))
                 	LDI  R27,HIGH(2*@0+(@1))
                 	LDI  R24,BYTE3(2*@0+(@1))
                 	LDI  R25,BYTE4(2*@0+(@1))
                 	.ENDM
                 
                 	.MACRO __POINTBRM
                 	LDI  R@0,LOW(@1)
                 	.ENDM
                 
                 	.MACRO __POINTWRM
                 	LDI  R@0,LOW(@2)
                 	LDI  R@1,HIGH(@2)
                 	.ENDM
                 
                 	.MACRO __POINTBRMN
                 	LDI  R@0,LOW(@1+(@2))
                 	.ENDM
                 
                 	.MACRO __POINTWRMN
                 	LDI  R@0,LOW(@2+(@3))
                 	LDI  R@1,HIGH(@2+(@3))
                 	.ENDM
                 
                 	.MACRO __POINTWRFN
                 	LDI  R@0,LOW(@2*2+(@3))
                 	LDI  R@1,HIGH(@2*2+(@3))
                 	.ENDM
                 
                 	.MACRO __GETD1N
                 	LDI  R30,LOW(@0)
                 	LDI  R31,HIGH(@0)
                 	LDI  R22,BYTE3(@0)
                 	LDI  R23,BYTE4(@0)
                 	.ENDM
                 
                 	.MACRO __GETD2N
                 	LDI  R26,LOW(@0)
                 	LDI  R27,HIGH(@0)
                 	LDI  R24,BYTE3(@0)
                 	LDI  R25,BYTE4(@0)
                 	.ENDM
                 
                 	.MACRO __GETB1MN
                 	LDS  R30,@0+(@1)
                 	.ENDM
                 
                 	.MACRO __GETB1HMN
                 	LDS  R31,@0+(@1)
                 	.ENDM
                 
                 	.MACRO __GETW1MN
                 	LDS  R30,@0+(@1)
                 	LDS  R31,@0+(@1)+1
                 	.ENDM
                 
                 	.MACRO __GETD1MN
                 	LDS  R30,@0+(@1)
                 	LDS  R31,@0+(@1)+1
                 	LDS  R22,@0+(@1)+2
                 	LDS  R23,@0+(@1)+3
                 	.ENDM
                 
                 	.MACRO __GETBRMN
                 	LDS  R@0,@1+(@2)
                 	.ENDM
                 
                 	.MACRO __GETWRMN
                 	LDS  R@0,@2+(@3)
                 	LDS  R@1,@2+(@3)+1
                 	.ENDM
                 
                 	.MACRO __GETWRZ
                 	LDD  R@0,Z+@2
                 	LDD  R@1,Z+@2+1
                 	.ENDM
                 
                 	.MACRO __GETD2Z
                 	LDD  R26,Z+@0
                 	LDD  R27,Z+@0+1
                 	LDD  R24,Z+@0+2
                 	LDD  R25,Z+@0+3
                 	.ENDM
                 
                 	.MACRO __GETB2MN
                 	LDS  R26,@0+(@1)
                 	.ENDM
                 
                 	.MACRO __GETW2MN
                 	LDS  R26,@0+(@1)
                 	LDS  R27,@0+(@1)+1
                 	.ENDM
                 
                 	.MACRO __GETD2MN
                 	LDS  R26,@0+(@1)
                 	LDS  R27,@0+(@1)+1
                 	LDS  R24,@0+(@1)+2
                 	LDS  R25,@0+(@1)+3
                 	.ENDM
                 
                 	.MACRO __PUTB1MN
                 	STS  @0+(@1),R30
                 	.ENDM
                 
                 	.MACRO __PUTW1MN
                 	STS  @0+(@1),R30
                 	STS  @0+(@1)+1,R31
                 	.ENDM
                 
                 	.MACRO __PUTD1MN
                 	STS  @0+(@1),R30
                 	STS  @0+(@1)+1,R31
                 	STS  @0+(@1)+2,R22
                 	STS  @0+(@1)+3,R23
                 	.ENDM
                 
                 	.MACRO __PUTB1EN
                 	LDI  R26,LOW(@0+(@1))
                 	LDI  R27,HIGH(@0+(@1))
                 	RCALL __EEPROMWRB
                 	.ENDM
                 
                 	.MACRO __PUTW1EN
                 	LDI  R26,LOW(@0+(@1))
                 	LDI  R27,HIGH(@0+(@1))
                 	RCALL __EEPROMWRW
                 	.ENDM
                 
                 	.MACRO __PUTD1EN
                 	LDI  R26,LOW(@0+(@1))
                 	LDI  R27,HIGH(@0+(@1))
                 	RCALL __EEPROMWRD
                 	.ENDM
                 
                 	.MACRO __PUTBR0MN
                 	STS  @0+(@1),R0
                 	.ENDM
                 
                 	.MACRO __PUTBMRN
                 	STS  @0+(@1),R@2
                 	.ENDM
                 
                 	.MACRO __PUTWMRN
                 	STS  @0+(@1),R@2
                 	STS  @0+(@1)+1,R@3
                 	.ENDM
                 
                 	.MACRO __PUTBZR
                 	STD  Z+@1,R@0
                 	.ENDM
                 
                 	.MACRO __PUTWZR
                 	STD  Z+@2,R@0
                 	STD  Z+@2+1,R@1
                 	.ENDM
                 
                 	.MACRO __GETW1R
                 	MOV  R30,R@0
                 	MOV  R31,R@1
                 	.ENDM
                 
                 	.MACRO __GETW2R
                 	MOV  R26,R@0
                 	MOV  R27,R@1
                 	.ENDM
                 
                 	.MACRO __GETWRN
                 	LDI  R@0,LOW(@2)
                 	LDI  R@1,HIGH(@2)
                 	.ENDM
                 
                 	.MACRO __PUTW1R
                 	MOV  R@0,R30
                 	MOV  R@1,R31
                 	.ENDM
                 
                 	.MACRO __PUTW2R
                 	MOV  R@0,R26
                 	MOV  R@1,R27
                 	.ENDM
                 
                 	.MACRO __ADDWRN
                 	SUBI R@0,LOW(-@2)
                 	SBCI R@1,HIGH(-@2)
                 	.ENDM
                 
                 	.MACRO __ADDWRR
                 	ADD  R@0,R@2
                 	ADC  R@1,R@3
                 	.ENDM
                 
                 	.MACRO __SUBWRN
                 	SUBI R@0,LOW(@2)
                 	SBCI R@1,HIGH(@2)
                 	.ENDM
                 
                 	.MACRO __SUBWRR
                 	SUB  R@0,R@2
                 	SBC  R@1,R@3
                 	.ENDM
                 
                 	.MACRO __ANDWRN
                 	ANDI R@0,LOW(@2)
                 	ANDI R@1,HIGH(@2)
                 	.ENDM
                 
                 	.MACRO __ANDWRR
                 	AND  R@0,R@2
                 	AND  R@1,R@3
                 	.ENDM
                 
                 	.MACRO __ORWRN
                 	ORI  R@0,LOW(@2)
                 	ORI  R@1,HIGH(@2)
                 	.ENDM
                 
                 	.MACRO __ORWRR
                 	OR   R@0,R@2
                 	OR   R@1,R@3
                 	.ENDM
                 
                 	.MACRO __EORWRR
                 	EOR  R@0,R@2
                 	EOR  R@1,R@3
                 	.ENDM
                 
                 	.MACRO __GETWRS
                 	LDD  R@0,Y+@2
                 	LDD  R@1,Y+@2+1
                 	.ENDM
                 
                 	.MACRO __PUTBSR
                 	STD  Y+@1,R@0
                 	.ENDM
                 
                 	.MACRO __PUTWSR
                 	STD  Y+@2,R@0
                 	STD  Y+@2+1,R@1
                 	.ENDM
                 
                 	.MACRO __MOVEWRR
                 	MOV  R@0,R@2
                 	MOV  R@1,R@3
                 	.ENDM
                 
                 	.MACRO __INWR
                 	IN   R@0,@2
                 	IN   R@1,@2+1
                 	.ENDM
                 
                 	.MACRO __OUTWR
                 	OUT  @2+1,R@1
                 	OUT  @2,R@0
                 	.ENDM
                 
                 	.MACRO __CALL1MN
                 	LDS  R30,@0+(@1)
                 	LDS  R31,@0+(@1)+1
                 	ICALL
                 	.ENDM
                 
                 	.MACRO __CALL1FN
                 	LDI  R30,LOW(2*@0+(@1))
                 	LDI  R31,HIGH(2*@0+(@1))
                 	RCALL __GETW1PF
                 	ICALL
                 	.ENDM
                 
                 	.MACRO __CALL2EN
                 	PUSH R26
                 	PUSH R27
                 	LDI  R26,LOW(@0+(@1))
                 	LDI  R27,HIGH(@0+(@1))
                 	RCALL __EEPROMRDW
                 	POP  R27
                 	POP  R26
                 	ICALL
                 	.ENDM
                 
                 	.MACRO __CALL2EX
                 	SUBI R26,LOW(-@0)
                 	SBCI R27,HIGH(-@0)
                 	RCALL __EEPROMRDD
                 	ICALL
                 	.ENDM
                 
                 	.MACRO __GETW1STACK
                 	IN   R30,SPL
                 	IN   R31,SPH
                 	ADIW R30,@0+1
                 	LD   R0,Z+
                 	LD   R31,Z
                 	MOV  R30,R0
                 	.ENDM
                 
                 	.MACRO __GETD1STACK
                 	IN   R30,SPL
                 	IN   R31,SPH
                 	ADIW R30,@0+1
                 	LD   R0,Z+
                 	LD   R1,Z+
                 	LD   R22,Z
                 	MOVW R30,R0
                 	.ENDM
                 
                 	.MACRO __NBST
                 	BST  R@0,@1
                 	IN   R30,SREG
                 	LDI  R31,0x40
                 	EOR  R30,R31
                 	OUT  SREG,R30
                 	.ENDM
                 
                 
                 	.MACRO __PUTB1SN
                 	LDD  R26,Y+@0
                 	LDD  R27,Y+@0+1
                 	SUBI R26,LOW(-@1)
                 	SBCI R27,HIGH(-@1)
                 	ST   X,R30
                 	.ENDM
                 
                 	.MACRO __PUTW1SN
                 	LDD  R26,Y+@0
                 	LDD  R27,Y+@0+1
                 	SUBI R26,LOW(-@1)
                 	SBCI R27,HIGH(-@1)
                 	ST   X+,R30
                 	ST   X,R31
                 	.ENDM
                 
                 	.MACRO __PUTD1SN
                 	LDD  R26,Y+@0
                 	LDD  R27,Y+@0+1
                 	SUBI R26,LOW(-@1)
                 	SBCI R27,HIGH(-@1)
                 	RCALL __PUTDP1
                 	.ENDM
                 
                 	.MACRO __PUTB1SNS
                 	LDD  R26,Y+@0
                 	LDD  R27,Y+@0+1
                 	ADIW R26,@1
                 	ST   X,R30
                 	.ENDM
                 
                 	.MACRO __PUTW1SNS
                 	LDD  R26,Y+@0
                 	LDD  R27,Y+@0+1
                 	ADIW R26,@1
                 	ST   X+,R30
                 	ST   X,R31
                 	.ENDM
                 
                 	.MACRO __PUTD1SNS
                 	LDD  R26,Y+@0
                 	LDD  R27,Y+@0+1
                 	ADIW R26,@1
                 	RCALL __PUTDP1
                 	.ENDM
                 
                 	.MACRO __PUTB1PMN
                 	LDS  R26,@0
                 	LDS  R27,@0+1
                 	SUBI R26,LOW(-@1)
                 	SBCI R27,HIGH(-@1)
                 	ST   X,R30
                 	.ENDM
                 
                 	.MACRO __PUTW1PMN
                 	LDS  R26,@0
                 	LDS  R27,@0+1
                 	SUBI R26,LOW(-@1)
                 	SBCI R27,HIGH(-@1)
                 	ST   X+,R30
                 	ST   X,R31
                 	.ENDM
                 
                 	.MACRO __PUTD1PMN
                 	LDS  R26,@0
                 	LDS  R27,@0+1
                 	SUBI R26,LOW(-@1)
                 	SBCI R27,HIGH(-@1)
                 	RCALL __PUTDP1
                 	.ENDM
                 
                 	.MACRO __PUTB1PMNS
                 	LDS  R26,@0
                 	LDS  R27,@0+1
                 	ADIW R26,@1
                 	ST   X,R30
                 	.ENDM
                 
                 	.MACRO __PUTW1PMNS
                 	LDS  R26,@0
                 	LDS  R27,@0+1
                 	ADIW R26,@1
                 	ST   X+,R30
                 	ST   X,R31
                 	.ENDM
                 
                 	.MACRO __PUTD1PMNS
                 	LDS  R26,@0
                 	LDS  R27,@0+1
                 	ADIW R26,@1
                 	RCALL __PUTDP1
                 	.ENDM
                 
                 	.MACRO __PUTB1RN
                 	MOVW R26,R@0
                 	SUBI R26,LOW(-@1)
                 	SBCI R27,HIGH(-@1)
                 	ST   X,R30
                 	.ENDM
                 
                 	.MACRO __PUTW1RN
                 	MOVW R26,R@0
                 	SUBI R26,LOW(-@1)
                 	SBCI R27,HIGH(-@1)
                 	ST   X+,R30
                 	ST   X,R31
                 	.ENDM
                 
                 	.MACRO __PUTD1RN
                 	MOVW R26,R@0
                 	SUBI R26,LOW(-@1)
                 	SBCI R27,HIGH(-@1)
                 	RCALL __PUTDP1
                 	.ENDM
                 
                 	.MACRO __PUTB1RNS
                 	MOVW R26,R@0
                 	ADIW R26,@1
                 	ST   X,R30
                 	.ENDM
                 
                 	.MACRO __PUTW1RNS
                 	MOVW R26,R@0
                 	ADIW R26,@1
                 	ST   X+,R30
                 	ST   X,R31
                 	.ENDM
                 
                 	.MACRO __PUTD1RNS
                 	MOVW R26,R@0
                 	ADIW R26,@1
                 	RCALL __PUTDP1
                 	.ENDM
                 
                 	.MACRO __PUTB1RON
                 	MOV  R26,R@0
                 	MOV  R27,R@1
                 	SUBI R26,LOW(-@2)
                 	SBCI R27,HIGH(-@2)
                 	ST   X,R30
                 	.ENDM
                 
                 	.MACRO __PUTW1RON
                 	MOV  R26,R@0
                 	MOV  R27,R@1
                 	SUBI R26,LOW(-@2)
                 	SBCI R27,HIGH(-@2)
                 	ST   X+,R30
                 	ST   X,R31
                 	.ENDM
                 
                 	.MACRO __PUTD1RON
                 	MOV  R26,R@0
                 	MOV  R27,R@1
                 	SUBI R26,LOW(-@2)
                 	SBCI R27,HIGH(-@2)
                 	RCALL __PUTDP1
                 	.ENDM
                 
                 	.MACRO __PUTB1RONS
                 	MOV  R26,R@0
                 	MOV  R27,R@1
                 	ADIW R26,@2
                 	ST   X,R30
                 	.ENDM
                 
                 	.MACRO __PUTW1RONS
                 	MOV  R26,R@0
                 	MOV  R27,R@1
                 	ADIW R26,@2
                 	ST   X+,R30
                 	ST   X,R31
                 	.ENDM
                 
                 	.MACRO __PUTD1RONS
                 	MOV  R26,R@0
                 	MOV  R27,R@1
                 	ADIW R26,@2
                 	RCALL __PUTDP1
                 	.ENDM
                 
                 
                 	.MACRO __GETB1SX
                 	MOVW R30,R28
                 	SUBI R30,LOW(-@0)
                 	SBCI R31,HIGH(-@0)
                 	LD   R30,Z
                 	.ENDM
                 
                 	.MACRO __GETB1HSX
                 	MOVW R30,R28
                 	SUBI R30,LOW(-@0)
                 	SBCI R31,HIGH(-@0)
                 	LD   R31,Z
                 	.ENDM
                 
                 	.MACRO __GETW1SX
                 	MOVW R30,R28
                 	SUBI R30,LOW(-@0)
                 	SBCI R31,HIGH(-@0)
                 	LD   R0,Z+
                 	LD   R31,Z
                 	MOV  R30,R0
                 	.ENDM
                 
                 	.MACRO __GETD1SX
                 	MOVW R30,R28
                 	SUBI R30,LOW(-@0)
                 	SBCI R31,HIGH(-@0)
                 	LD   R0,Z+
                 	LD   R1,Z+
                 	LD   R22,Z+
                 	LD   R23,Z
                 	MOVW R30,R0
                 	.ENDM
                 
                 	.MACRO __GETB2SX
                 	MOVW R26,R28
                 	SUBI R26,LOW(-@0)
                 	SBCI R27,HIGH(-@0)
                 	LD   R26,X
                 	.ENDM
                 
                 	.MACRO __GETW2SX
                 	MOVW R26,R28
                 	SUBI R26,LOW(-@0)
                 	SBCI R27,HIGH(-@0)
                 	LD   R0,X+
                 	LD   R27,X
                 	MOV  R26,R0
                 	.ENDM
                 
                 	.MACRO __GETD2SX
                 	MOVW R26,R28
                 	SUBI R26,LOW(-@0)
                 	SBCI R27,HIGH(-@0)
                 	LD   R0,X+
                 	LD   R1,X+
                 	LD   R24,X+
                 	LD   R25,X
                 	MOVW R26,R0
                 	.ENDM
                 
                 	.MACRO __GETBRSX
                 	MOVW R30,R28
                 	SUBI R30,LOW(-@1)
                 	SBCI R31,HIGH(-@1)
                 	LD   R@0,Z
                 	.ENDM
                 
                 	.MACRO __GETWRSX
                 	MOVW R30,R28
                 	SUBI R30,LOW(-@2)
                 	SBCI R31,HIGH(-@2)
                 	LD   R@0,Z+
                 	LD   R@1,Z
                 	.ENDM
                 
                 	.MACRO __GETBRSX2
                 	MOVW R26,R28
                 	SUBI R26,LOW(-@1)
                 	SBCI R27,HIGH(-@1)
                 	LD   R@0,X
                 	.ENDM
                 
                 	.MACRO __GETWRSX2
                 	MOVW R26,R28
                 	SUBI R26,LOW(-@2)
                 	SBCI R27,HIGH(-@2)
                 	LD   R@0,X+
                 	LD   R@1,X
                 	.ENDM
                 
                 	.MACRO __LSLW8SX
                 	MOVW R30,R28
                 	SUBI R30,LOW(-@0)
                 	SBCI R31,HIGH(-@0)
                 	LD   R31,Z
                 	CLR  R30
                 	.ENDM
                 
                 	.MACRO __PUTB1SX
                 	MOVW R26,R28
                 	SUBI R26,LOW(-@0)
                 	SBCI R27,HIGH(-@0)
                 	ST   X,R30
                 	.ENDM
                 
                 	.MACRO __PUTW1SX
                 	MOVW R26,R28
                 	SUBI R26,LOW(-@0)
                 	SBCI R27,HIGH(-@0)
                 	ST   X+,R30
                 	ST   X,R31
                 	.ENDM
                 
                 	.MACRO __PUTD1SX
                 	MOVW R26,R28
                 	SUBI R26,LOW(-@0)
                 	SBCI R27,HIGH(-@0)
                 	ST   X+,R30
                 	ST   X+,R31
                 	ST   X+,R22
                 	ST   X,R23
                 	.ENDM
                 
                 	.MACRO __CLRW1SX
                 	MOVW R26,R28
                 	SUBI R26,LOW(-@0)
                 	SBCI R27,HIGH(-@0)
                 	ST   X+,R30
                 	ST   X,R30
                 	.ENDM
                 
                 	.MACRO __CLRD1SX
                 	MOVW R26,R28
                 	SUBI R26,LOW(-@0)
                 	SBCI R27,HIGH(-@0)
                 	ST   X+,R30
                 	ST   X+,R30
                 	ST   X+,R30
                 	ST   X,R30
                 	.ENDM
                 
                 	.MACRO __PUTB2SX
                 	MOVW R30,R28
                 	SUBI R30,LOW(-@0)
                 	SBCI R31,HIGH(-@0)
                 	ST   Z,R26
                 	.ENDM
                 
                 	.MACRO __PUTW2SX
                 	MOVW R30,R28
                 	SUBI R30,LOW(-@0)
                 	SBCI R31,HIGH(-@0)
                 	ST   Z+,R26
                 	ST   Z,R27
                 	.ENDM
                 
                 	.MACRO __PUTD2SX
                 	MOVW R30,R28
                 	SUBI R30,LOW(-@0)
                 	SBCI R31,HIGH(-@0)
                 	ST   Z+,R26
                 	ST   Z+,R27
                 	ST   Z+,R24
                 	ST   Z,R25
                 	.ENDM
                 
                 	.MACRO __PUTBSRX
                 	MOVW R30,R28
                 	SUBI R30,LOW(-@1)
                 	SBCI R31,HIGH(-@1)
                 	ST   Z,R@0
                 	.ENDM
                 
                 	.MACRO __PUTWSRX
                 	MOVW R30,R28
                 	SUBI R30,LOW(-@2)
                 	SBCI R31,HIGH(-@2)
                 	ST   Z+,R@0
                 	ST   Z,R@1
                 	.ENDM
                 
                 	.MACRO __PUTB1SNX
                 	MOVW R26,R28
                 	SUBI R26,LOW(-@0)
                 	SBCI R27,HIGH(-@0)
                 	LD   R0,X+
                 	LD   R27,X
                 	MOV  R26,R0
                 	SUBI R26,LOW(-@1)
                 	SBCI R27,HIGH(-@1)
                 	ST   X,R30
                 	.ENDM
                 
                 	.MACRO __PUTW1SNX
                 	MOVW R26,R28
                 	SUBI R26,LOW(-@0)
                 	SBCI R27,HIGH(-@0)
                 	LD   R0,X+
                 	LD   R27,X
                 	MOV  R26,R0
                 	SUBI R26,LOW(-@1)
                 	SBCI R27,HIGH(-@1)
                 	ST   X+,R30
                 	ST   X,R31
                 	.ENDM
                 
                 	.MACRO __PUTD1SNX
                 	MOVW R26,R28
                 	SUBI R26,LOW(-@0)
                 	SBCI R27,HIGH(-@0)
                 	LD   R0,X+
                 	LD   R27,X
                 	MOV  R26,R0
                 	SUBI R26,LOW(-@1)
                 	SBCI R27,HIGH(-@1)
                 	ST   X+,R30
                 	ST   X+,R31
                 	ST   X+,R22
                 	ST   X,R23
                 	.ENDM
                 
                 	.MACRO __MULBRR
                 	MULS R@0,R@1
                 	MOVW R30,R0
                 	.ENDM
                 
                 	.MACRO __MULBRRU
                 	MUL  R@0,R@1
                 	MOVW R30,R0
                 	.ENDM
                 
                 	.MACRO __MULBRR0
                 	MULS R@0,R@1
                 	.ENDM
                 
                 	.MACRO __MULBRRU0
                 	MUL  R@0,R@1
                 	.ENDM
                 
                 	.MACRO __MULBNWRU
                 	LDI  R26,@2
                 	MUL  R26,R@0
                 	MOVW R30,R0
                 	MUL  R26,R@1
                 	ADD  R31,R0
                 	.ENDM
                 
                 ;NAME DEFINITIONS FOR GLOBAL VARIABLES ALLOCATED TO REGISTERS
                 	.DEF _count=R4
                 	.DEF _count_msb=R5
                 	.DEF _T_delay=R6
                 	.DEF _T_delay_msb=R7
                 	.DEF _T_shift_delay=R8
                 	.DEF _T_shift_delay_msb=R9
                 	.DEF _Status=R11
                 	.DEF _Load=R12
                 	.DEF _Load_msb=R13
                 
                 	.CSEG
                 	.ORG 0x00
                 
                 ;START OF CODE MARKER
                 __START_OF_CODE:
                 
                 ;INTERRUPT VECTORS
000000 c023      	RJMP __RESET
000001 c07e      	RJMP _ext_int0_isr
000002 cffd      	RJMP 0x00
000003 cffc      	RJMP 0x00
000004 c05e      	RJMP _timer2_ovf_isr
000005 c058      	RJMP _timer1_capt_isr
000006 cff9      	RJMP 0x00
000007 cff8      	RJMP 0x00
000008 cff7      	RJMP 0x00
000009 c046      	RJMP _timer0_ovf_isr
00000a cff5      	RJMP 0x00
00000b cff4      	RJMP 0x00
00000c cff3      	RJMP 0x00
00000d cff2      	RJMP 0x00
00000e cff1      	RJMP 0x00
00000f cff0      	RJMP 0x00
000010 cfef      	RJMP 0x00
000011 cfee      	RJMP 0x00
000012 cfed      	RJMP 0x00
                 
                 ;GLOBAL REGISTER VARIABLES INITIALIZATION
                 __REG_VARS:
000013 0000
000014 0000      	.DB  0x0,0x0,0x0,0x0
000015 0000
000016 0100      	.DB  0x0,0x0,0x0,0x1
000017 0000      	.DB  0x0,0x0
                 
                 _0x3:
000018 f9c0
000019 b0a4
00001a 9299
00001b f882      	.DB  0xC0,0xF9,0xA4,0xB0,0x99,0x92,0x82,0xF8
00001c 9080      	.DB  0x80,0x90
                 
                 __GLOBAL_INI_TBL:
00001d 000a      	.DW  0x0A
00001e 0004      	.DW  0x04
00001f 0026      	.DW  __REG_VARS*2
                 
000020 000a      	.DW  0x0A
000021 0160      	.DW  _MA_7SEG
000022 0030      	.DW  _0x3*2
                 
                 _0xFFFFFFFF:
000023 0000      	.DW  0
                 
                 #define __GLOBAL_INI_TBL_PRESENT 1
                 
                 __RESET:
000024 94f8      	CLI
000025 27ee      	CLR  R30
000026 bbec      	OUT  EECR,R30
                 
                 ;INTERRUPT VECTORS ARE PLACED
                 ;AT THE START OF FLASH
000027 e0f1      	LDI  R31,1
000028 bffb      	OUT  GICR,R31
000029 bfeb      	OUT  GICR,R30
00002a bfe5      	OUT  MCUCR,R30
                 
                 ;CLEAR R2-R14
00002b e08d      	LDI  R24,(14-2)+1
00002c e0a2      	LDI  R26,2
00002d 27bb      	CLR  R27
                 __CLEAR_REG:
00002e 93ed      	ST   X+,R30
00002f 958a      	DEC  R24
000030 f7e9      	BRNE __CLEAR_REG
                 
                 ;CLEAR SRAM
000031 e080      	LDI  R24,LOW(__CLEAR_SRAM_SIZE)
000032 e094      	LDI  R25,HIGH(__CLEAR_SRAM_SIZE)
000033 e6a0      	LDI  R26,__SRAM_START
                 __CLEAR_SRAM:
000034 93ed      	ST   X+,R30
000035 9701      	SBIW R24,1
000036 f7e9      	BRNE __CLEAR_SRAM
                 
                 ;GLOBAL VARIABLES INITIALIZATION
000037 e3ea      	LDI  R30,LOW(__GLOBAL_INI_TBL*2)
000038 e0f0      	LDI  R31,HIGH(__GLOBAL_INI_TBL*2)
                 __GLOBAL_INI_NEXT:
000039 9185      	LPM  R24,Z+
00003a 9195      	LPM  R25,Z+
00003b 9700      	SBIW R24,0
00003c f061      	BREQ __GLOBAL_INI_END
00003d 91a5      	LPM  R26,Z+
00003e 91b5      	LPM  R27,Z+
00003f 9005      	LPM  R0,Z+
000040 9015      	LPM  R1,Z+
000041 01bf      	MOVW R22,R30
000042 01f0      	MOVW R30,R0
                 __GLOBAL_INI_LOOP:
000043 9005      	LPM  R0,Z+
000044 920d      	ST   X+,R0
000045 9701      	SBIW R24,1
000046 f7e1      	BRNE __GLOBAL_INI_LOOP
000047 01fb      	MOVW R30,R22
000048 cff0      	RJMP __GLOBAL_INI_NEXT
                 __GLOBAL_INI_END:
                 
                 ;HARDWARE STACK POINTER INITIALIZATION
000049 e5ef      	LDI  R30,LOW(__SRAM_END-__HEAP_SIZE)
00004a bfed      	OUT  SPL,R30
00004b e0e4      	LDI  R30,HIGH(__SRAM_END-__HEAP_SIZE)
00004c bfee      	OUT  SPH,R30
                 
                 ;DATA STACK POINTER INITIALIZATION
00004d e6c0      	LDI  R28,LOW(__SRAM_START+__DSTACK_SIZE)
00004e e0d1      	LDI  R29,HIGH(__SRAM_START+__DSTACK_SIZE)
                 
00004f c03b      	RJMP _main
                 
                 	.ESEG
                 	.ORG 0
                 
                 	.DSEG
                 	.ORG 0x160
                 
                 	.CSEG
                 ;/*******************************************************
                 ;This program was created by the
                 ;CodeWizardAVR V3.12 Advanced
                 ;Automatic Program Generator
                 ;© Copyright 1998-2014 Pavel Haiduc, HP InfoTech s.r.l.
                 ;http://www.hpinfotech.com
                 ;
                 ;Project : Project_Triac_PWM
                 ;Version : v1.0
                 ;Date    : 7/30/2018
                 ;Author  : Tran Minh Thuan
                 ;Company : Viet Mold Machine
                 ;Comments:
                 ;PC0, PC1 - Input-  control button
                 ;PC2,PC3,PC4 -  Output - 74595 operation
                 ;PD2 - Exteral interrupt
                 ;PB5, PB3 - Input -  Power button
                 ;(All buttons are pulled-up)
                 ;
                 ;
                 ;Chip type               : ATmega8
                 ;Program type            : Application
                 ;AVR Core Clock frequency: 8.000000 MHz
                 ;Memory model            : Small
                 ;External RAM size       : 0
                 ;Data Stack size         : 256
                 ;*******************************************************/
                 ;
                 ;#include <mega8.h>
                 	#ifndef __SLEEP_DEFINED__
                 	#define __SLEEP_DEFINED__
                 	.EQU __se_bit=0x80
                 	.EQU __sm_mask=0x70
                 	.EQU __sm_powerdown=0x20
                 	.EQU __sm_powersave=0x30
                 	.EQU __sm_standby=0x60
                 	.EQU __sm_ext_standby=0x70
                 	.EQU __sm_adc_noise_red=0x10
                 	.SET power_ctrl_reg=mcucr
                 	#endif
                 ;
                 ;#define SIGNAL      PORTB.1
                 ;#define SW_EMER     PINB.3
                 ;#define SW_ON       PINB.5
                 ;#define SW_GIAM     PINC.1
                 ;#define SW_TANG     PINC.0
                 ;#define STR         PORTC.2
                 ;#define CLK         PORTC.3
                 ;#define SDI         PORTC.4
                 ;#define LED         PORTC.5
                 ;
                 ;/* ------Cac dinh nghia ve chuong trinh va cac bien--------*/
                 ;//-----------------------------------------------------------
                 ;//Dinh nghia cac bien toan cuc
                 ;unsigned int    count=0;                   //Bien dem gia tri delay
                 ;unsigned int    T_delay=0;                 //Tang 1 moi khi ngat timer0 (100us)
                 ;unsigned int    T_shift_delay=0;           //Dich de ve diem 0
                 ;unsigned char   Status=1;                  //Vua bat nguon thi he thong se hoat dong
                 ;unsigned int    Load=0;
                 ;unsigned char   MA_7SEG[10]={0xC0, 0xF9, 0xA4, 0xB0, 0x99, 0x92, 0x82, 0xF8, 0x80, 0x90};
                 
                 	.DSEG
                 ;//Dinh nghia cac chuong trinh
                 ;void INT0_INIT(void);                   //Khoi tao cho ngat ngoai
                 ;void Timer_INIT(void);                  //Khoi tao thong so va ngat cho Timer0
                 ;void GPIO_INIT(void);                   //Khoi tao cac input, output
                 ;void Delay_100us(unsigned int Time);    //Delay 100us ung voi moi don vi
                 ;void Display();                         //Hien thi gia tri ra 7segs
                 ;void CheckSW(void);                     //Doc gia tri nut nhan
                 ;void Power_Check(void);                 //Check nut nhan nguon
                 ;void Disable_PWM(void);                 //Tat PWM Timer1
                 ;void Enable_PWM(void);                  //Mo  PWM Timer1
                 ;int  Wait_Shift(void);                  //Doi de shift toi muc 0
                 ;void LoadValue();
                 ;
                 ;/*---------------------Interrupt Service Routine-----------*/
                 ;// Timer 0 overflow interrupt service routine
                 ;interrupt [TIM0_OVF] void timer0_ovf_isr(void)
                 ; 0000 0042 {
                 
                 	.CSEG
                 _timer0_ovf_isr:
                 ; .FSTART _timer0_ovf_isr
000050 93ea      	ST   -Y,R30
000051 93fa      	ST   -Y,R31
000052 b7ef      	IN   R30,SREG
000053 93ea      	ST   -Y,R30
                 ; 0000 0043     // Reinitialize Timer 0 value
                 ; 0000 0044     T_delay++;
000054 01f3      	MOVW R30,R6
000055 9631      	ADIW R30,1
000056 013f      	MOVW R6,R30
                 ; 0000 0045     TCNT0=0x9C;    //Tinh toan = 0x9C (100), nhung bu sai so nen A0
000057 e9ec      	LDI  R30,LOW(156)
000058 bfe2      	OUT  0x32,R30
                 ; 0000 0046 };
000059 91e9      	LD   R30,Y+
00005a bfef      	OUT  SREG,R30
00005b 91f9      	LD   R31,Y+
00005c 91e9      	LD   R30,Y+
00005d 9518      	RETI
                 ; .FEND
                 ;// Timer 1 reach top value (capture) interrupt service routine
                 ;interrupt [TIM1_CAPT] void timer1_capt_isr(void)
                 ; 0000 0049 {
                 _timer1_capt_isr:
                 ; .FSTART _timer1_capt_isr
00005e d0ff      	RCALL SUBOPT_0x0
                 ; 0000 004A     Disable_PWM();
00005f d0e0      	RCALL _Disable_PWM
                 ; 0000 004B     TIMSK=(0<<TOIE2);
000060 e0e0      	LDI  R30,LOW(0)
000061 bfe9      	OUT  0x39,R30
                 ; 0000 004C };
000062 c00f      	RJMP _0x38
                 ; .FEND
                 ;// Timer 2 overflow interrupt service routine
                 ;interrupt [TIM2_OVF] void timer2_ovf_isr(void)
                 ; 0000 004F {
                 _timer2_ovf_isr:
                 ; .FSTART _timer2_ovf_isr
000063 d0fa      	RCALL SUBOPT_0x0
                 ; 0000 0050     // Reinitialize Timer2 value
                 ; 0000 0051     TCNT2=0x9C;
000064 e9ec      	LDI  R30,LOW(156)
000065 bde4      	OUT  0x24,R30
                 ; 0000 0052     if(Wait_Shift()==1)
000066 d04a      	RCALL _Wait_Shift
000067 30e1      	CPI  R30,LOW(0x1)
000068 e0a0      	LDI  R26,HIGH(0x1)
000069 07fa      	CPC  R31,R26
00006a f421      	BRNE _0x4
                 ; 0000 0053     {
                 ; 0000 0054         Enable_PWM();
00006b d0d9      	RCALL _Enable_PWM
                 ; 0000 0055         TIMSK=(0<<TOIE2);
00006c e0e0      	LDI  R30,LOW(0)
00006d bfe9      	OUT  0x39,R30
                 ; 0000 0056     }
                 ; 0000 0057     else
00006e c003      	RJMP _0x5
                 _0x4:
                 ; 0000 0058     T_shift_delay++;
00006f 01f4      	MOVW R30,R8
000070 9631      	ADIW R30,1
000071 014f      	MOVW R8,R30
                 ; 0000 0059 
                 ; 0000 005A };
                 _0x5:
                 _0x38:
000072 91e9      	LD   R30,Y+
000073 bfef      	OUT  SREG,R30
000074 91f9      	LD   R31,Y+
000075 91e9      	LD   R30,Y+
000076 91b9      	LD   R27,Y+
000077 91a9      	LD   R26,Y+
000078 9199      	LD   R25,Y+
000079 9189      	LD   R24,Y+
00007a 9179      	LD   R23,Y+
00007b 9169      	LD   R22,Y+
00007c 90f9      	LD   R15,Y+
00007d 9019      	LD   R1,Y+
00007e 9009      	LD   R0,Y+
00007f 9518      	RETI
                 ; .FEND
                 ;interrupt [EXT_INT0] void ext_int0_isr(void)
                 ; 0000 005C {
                 _ext_int0_isr:
                 ; .FSTART _ext_int0_isr
000080 93ea      	ST   -Y,R30
000081 b7ef      	IN   R30,SREG
000082 93ea      	ST   -Y,R30
                 ; 0000 005D     T_shift_delay=0;
000083 2488      	CLR  R8
000084 2499      	CLR  R9
                 ; 0000 005E     TIMSK=(1<<TOIE2);
000085 e4e0      	LDI  R30,LOW(64)
000086 bfe9      	OUT  0x39,R30
                 ; 0000 005F };
000087 91e9      	LD   R30,Y+
000088 bfef      	OUT  SREG,R30
000089 91e9      	LD   R30,Y+
00008a 9518      	RETI
                 ; .FEND
                 ;/*------------------------------------------------------------*/
                 ;/*-------------------Mandatory program------------------------*/
                 ;void main(void)
                 ; 0000 0063 {
                 _main:
                 ; .FSTART _main
                 ; 0000 0064 // Global enable interrupts
                 ; 0000 0065 #asm("sei")
00008b 9478      	sei
                 ; 0000 0066 GPIO_INIT();    //GPIO Initialization
00008c d018      	RCALL _GPIO_INIT
                 ; 0000 0067 Timer_INIT();   //Timer 0 delay100us, Timer1 Fast PWM Initialization
00008d d00e      	RCALL _Timer_INIT
                 ; 0000 0068 INT0_INIT();    //External Rising Edge interrupt Initialization
00008e d005      	RCALL _INT0_INIT
                 ; 0000 0069 while (1)
                 _0x6:
                 ; 0000 006A       {
                 ; 0000 006B       Power_Check();
00008f d090      	RCALL _Power_Check
                 ; 0000 006C       CheckSW();
000090 d03f      	RCALL _CheckSW
                 ; 0000 006D       Display();
000091 d05e      	RCALL _Display
                 ; 0000 006E       }
000092 cffc      	RJMP _0x6
                 ; 0000 006F };
                 _0x9:
000093 cfff      	RJMP _0x9
                 ; .FEND
                 ;/*--------------Cac chuong trinh con--------------------*/
                 ;void INT0_INIT(void)     //TEST DONE
                 ; 0000 0072 {
                 _INT0_INIT:
                 ; .FSTART _INT0_INIT
                 ; 0000 0073     // External Interrupt(s) initialization
                 ; 0000 0074     // INT0: On
                 ; 0000 0075     // INT0 Mode: Rising Edge
                 ; 0000 0076     // INT1: Off
                 ; 0000 0077     GICR|=(0<<INT1) | (1<<INT0);                                //Enable interrupt
000094 b7eb      	IN   R30,0x3B
000095 64e0      	ORI  R30,0x40
000096 bfeb      	OUT  0x3B,R30
                 ; 0000 0078     MCUCR=(0<<ISC11) | (0<<ISC10) | (1<<ISC01) | (1<<ISC00);    //Rising edge
000097 e0e3      	LDI  R30,LOW(3)
000098 bfe5      	OUT  0x35,R30
                 ; 0000 0079     GIFR=(0<<INTF1) | (1<<INTF0);                               //Clear the flag
000099 e4e0      	LDI  R30,LOW(64)
00009a bfea      	OUT  0x3A,R30
                 ; 0000 007A };
00009b 9508      	RET
                 ; .FEND
                 ;//////////////////////////////////////////////////////////
                 ;void Timer_INIT(void)    //TEST DONE
                 ; 0000 007D {
                 _Timer_INIT:
                 ; .FSTART _Timer_INIT
                 ; 0000 007E //----------------Timer0--------------------------------//
                 ; 0000 007F     // Timer/Counter 0 initialization
                 ; 0000 0080     // Clock source: System Clock
                 ; 0000 0081     // Clock value: 8000.000 kHz
                 ; 0000 0082     // Prescaler: 8
                 ; 0000 0083     TCCR0=(0<<CS02) | (1<<CS01) | (0<<CS00);  //Prescaler - 8
00009c e0e2      	LDI  R30,LOW(2)
00009d bfe3      	OUT  0x33,R30
                 ; 0000 0084     TCNT0=0x9C;                               // 100us
00009e e9ec      	LDI  R30,LOW(156)
00009f bfe2      	OUT  0x32,R30
                 ; 0000 0085 //----------------Timer1--------------------------------//
                 ; 0000 0086     // Timer/Counter 1 initialization
                 ; 0000 0087     // Clock source: System Clock
                 ; 0000 0088     // Clock value: 8000.000 kHz
                 ; 0000 0089     // Mode: Fast PWM top=ICR1
                 ; 0000 008A     // OC1A output: Inverted PWM
                 ; 0000 008B     // OC1B output: Disconnected
                 ; 0000 008C     // Noise Canceler: Off
                 ; 0000 008D     // Input Capture on Falling Edge
                 ; 0000 008E     // Timer Period: 8 ms
                 ; 0000 008F     // Output Pulse(s):
                 ; 0000 0090     // OC1A Period: 8 ms Width: 3.9999 ms
                 ; 0000 0091     // Timer1 Overflow Interrupt: Off
                 ; 0000 0092     // Input Capture Interrupt: On
                 ; 0000 0093     // Compare A Match Interrupt: Off
                 ; 0000 0094     // Compare B Match Interrupt: Off
                 ; 0000 0095 //    TCCR1A=(1<<COM1A1) | (1<<COM1A0) | (0<<COM1B1) | (0<<COM1B0) | (1<<WGM11) | (0<<WGM10);
                 ; 0000 0096 //    TCCR1B=(0<<ICNC1) | (0<<ICES1) | (1<<WGM13) | (1<<WGM12) | (0<<CS12) | (0<<CS11) | (1<<CS10);
                 ; 0000 0097 //    ICR1H=0xF9FF>> 8;           //Top value
                 ; 0000 0098 //    ICR1L=0xF9FF& 0xFF;
                 ; 0000 0099 //    OCR1AH=0>> 8;          //Count value
                 ; 0000 009A //    OCR1AL=0& 0xFF;
                 ; 0000 009B //----------------Timer2--------------------------------//
                 ; 0000 009C     // Timer/Counter 2 initialization
                 ; 0000 009D     // Clock source: System Clock
                 ; 0000 009E     // Clock value: 8000.000 kHz
                 ; 0000 009F     // Mode: Normal top=0xFF
                 ; 0000 00A0     // OC2 output: Disconnected
                 ; 0000 00A1     // Timer Period: 0.1 ms
                 ; 0000 00A2     TCCR2=(0<<PWM2) | (0<<COM21) | (0<<COM20) | (0<<CTC2) | (0<<CS22) | (1<<CS21) | (0<<CS20);
0000a0 e0e2      	LDI  R30,LOW(2)
0000a1 bde5      	OUT  0x25,R30
                 ; 0000 00A3     TCNT2=0x9C;
0000a2 e9ec      	LDI  R30,LOW(156)
0000a3 bde4      	OUT  0x24,R30
                 ; 0000 00A4 
                 ; 0000 00A5 };
0000a4 9508      	RET
                 ; .FEND
                 ;///////////////////////////////////////////////////////////
                 ;void GPIO_INIT(void)     //TEST DONE
                 ; 0000 00A8 {
                 _GPIO_INIT:
                 ; .FSTART _GPIO_INIT
                 ; 0000 00A9     // Input/Output Ports initialization
                 ; 0000 00AA     // Port B initialization
                 ; 0000 00AB     // Function: Bit7=Out Bit6=Out Bit5=In Bit4=Out Bit3=IN Bit2=Out Bit1=Out Bit0=Out
                 ; 0000 00AC     DDRB=(1<<DDB7) | (1<<DDB6) | (0<<DDB5) | (1<<DDB4) | (0<<DDB3) | (1<<DDB2) | (1<<DDB1) | (1<<DDB0);
0000a5 ede7      	LDI  R30,LOW(215)
0000a6 bbe7      	OUT  0x17,R30
                 ; 0000 00AD     // State: Bit7=0 Bit6=0 Bit5=1 Bit4=0 Bit3=1 Bit2=0 Bit1=0 Bit0=0
                 ; 0000 00AE     PORTB=(0<<PORTB7) | (0<<PORTB6) | (1<<PORTB5) | (0<<PORTB4) | (1<<PORTB3) | (0<<PORTB2) | (0<<PORTB1) | (0<<PORTB0);
0000a7 e2e8      	LDI  R30,LOW(40)
0000a8 bbe8      	OUT  0x18,R30
                 ; 0000 00AF 
                 ; 0000 00B0     // Port C initialization
                 ; 0000 00B1     // Function: Bit6=In Bit5=Out Bit4=Out Bit3=Out Bit2=Out Bit1=In Bit0=In
                 ; 0000 00B2     DDRC=(0<<DDC6) | (1<<DDC5) | (1<<DDC4) | (1<<DDC3) | (1<<DDC2) | (0<<DDC1) | (0<<DDC0);
0000a9 e3ec      	LDI  R30,LOW(60)
0000aa bbe4      	OUT  0x14,R30
                 ; 0000 00B3     // State: Bit6=T Bit5=T Bit4=T Bit3=T Bit2=T Bit1=1 Bit0=1
                 ; 0000 00B4     PORTC=(0<<PORTC6) | (0<<PORTC5) | (0<<PORTC4) | (0<<PORTC3) | (0<<PORTC2) | (1<<PORTC1) | (1<<PORTC0);
0000ab e0e3      	LDI  R30,LOW(3)
0000ac bbe5      	OUT  0x15,R30
                 ; 0000 00B5 
                 ; 0000 00B6     // Port D initialization
                 ; 0000 00B7     // Function: Bit7=In Bit6=In Bit5=In Bit4=In Bit3=In Bit2=In Bit1=In Bit0=In
                 ; 0000 00B8     DDRD=(0<<DDD7) | (0<<DDD6) | (0<<DDD5) | (0<<DDD4) | (0<<DDD3) | (0<<DDD2) | (0<<DDD1) | (0<<DDD0);
0000ad e0e0      	LDI  R30,LOW(0)
0000ae bbe1      	OUT  0x11,R30
                 ; 0000 00B9     // State: Bit7=T Bit6=T Bit5=T Bit4=T Bit3=T Bit2=T Bit1=T Bit0=T
                 ; 0000 00BA     PORTD=(0<<PORTD7) | (0<<PORTD6) | (0<<PORTD5) | (0<<PORTD4) | (0<<PORTD3) | (0<<PORTD2) | (0<<PORTD1) | (0<<PORTD0);
0000af bbe2      	OUT  0x12,R30
                 ; 0000 00BB };
0000b0 9508      	RET
                 ; .FEND
                 ;///////////////////////////////////////////////////////////
                 ;int Wait_Shift(void)     //TEST DONE
                 ; 0000 00BE {
                 _Wait_Shift:
                 ; .FSTART _Wait_Shift
                 ; 0000 00BF     if(T_shift_delay>=10)            //sau 8*80us ve diem 0
0000b1 e0ea      	LDI  R30,LOW(10)
0000b2 e0f0      	LDI  R31,HIGH(10)
0000b3 168e      	CP   R8,R30
0000b4 069f      	CPC  R9,R31
0000b5 f018      	BRLO _0xA
                 ; 0000 00C0     return 1;                       //Ve diem 0
0000b6 e0e1      	LDI  R30,LOW(1)
0000b7 e0f0      	LDI  R31,HIGH(1)
0000b8 9508      	RET
                 ; 0000 00C1     else                            //Chua ve diem 0
                 _0xA:
                 ; 0000 00C2     return 0;
0000b9 e0e0      	LDI  R30,LOW(0)
0000ba e0f0      	LDI  R31,HIGH(0)
0000bb 9508      	RET
                 ; 0000 00C3 };
0000bc 9508      	RET
                 ; .FEND
                 ;///////////////////////////////////////////////////////////
                 ;void Delay_100us(unsigned int Time)  //TEST DONE
                 ; 0000 00C6 {
                 _Delay_100us:
                 ; .FSTART _Delay_100us
                 ; 0000 00C7 /* Create delay function with 100us corresponding to each value */
                 ; 0000 00C8     TCNT0=0x9D;         //Tinh toan = 0x9D, nhung bu sai so nen A0
0000bd 93ba      	ST   -Y,R27
0000be 93aa      	ST   -Y,R26
                 ;	Time -> Y+0
0000bf e9ed      	LDI  R30,LOW(157)
0000c0 bfe2      	OUT  0x32,R30
                 ; 0000 00C9     TIMSK|=0x01;        //Cho phep ngat tran timer0
0000c1 b7e9      	IN   R30,0x39
0000c2 60e1      	ORI  R30,1
0000c3 bfe9      	OUT  0x39,R30
                 ; 0000 00CA     T_delay=0;          //Reset gia tri dem
0000c4 2466      	CLR  R6
0000c5 2477      	CLR  R7
                 ; 0000 00CB     while(T_delay<Time);//Chua du
                 _0xC:
0000c6 81e8      	LD   R30,Y
0000c7 81f9      	LDD  R31,Y+1
0000c8 166e      	CP   R6,R30
0000c9 067f      	CPC  R7,R31
0000ca f3d8      	BRLO _0xC
                 ; 0000 00CC     TIMSK&=~0x01;       //Du thoi gian, tat ngat tran timer0
0000cb b7e9      	IN   R30,0x39
0000cc 7fee      	ANDI R30,0xFE
0000cd bfe9      	OUT  0x39,R30
                 ; 0000 00CD };
0000ce 9622      	ADIW R28,2
0000cf 9508      	RET
                 ; .FEND
                 ;///////////////////////////////////////////////////////////
                 ;void CheckSW(void)  //TEST DONE
                 ; 0000 00D0 {
                 _CheckSW:
                 ; .FSTART _CheckSW
                 ; 0000 00D1     if(!SW_GIAM)
0000d0 9999      	SBIC 0x13,1
0000d1 c00d      	RJMP _0xF
                 ; 0000 00D2     {
                 ; 0000 00D3         Delay_100us(200);
0000d2 eca8      	LDI  R26,LOW(200)
0000d3 e0b0      	LDI  R27,0
0000d4 dfe8      	RCALL _Delay_100us
                 ; 0000 00D4         if(count>0) count--;
0000d5 2400      	CLR  R0
0000d6 1404      	CP   R0,R4
0000d7 0405      	CPC  R0,R5
0000d8 f420      	BRSH _0x10
0000d9 01f2      	MOVW R30,R4
0000da 9731      	SBIW R30,1
0000db 012f      	MOVW R4,R30
                 ; 0000 00D5         else        count=0;
0000dc c002      	RJMP _0x11
                 _0x10:
0000dd 2444      	CLR  R4
0000de 2455      	CLR  R5
                 ; 0000 00D6     }
                 _0x11:
                 ; 0000 00D7     if(!SW_TANG)
                 _0xF:
0000df 9998      	SBIC 0x13,0
0000e0 c00e      	RJMP _0x12
                 ; 0000 00D8     {
                 ; 0000 00D9         Delay_100us(200);
0000e1 eca8      	LDI  R26,LOW(200)
0000e2 e0b0      	LDI  R27,0
0000e3 dfd9      	RCALL _Delay_100us
                 ; 0000 00DA         if(count<99) count++;
0000e4 e6e3      	LDI  R30,LOW(99)
0000e5 e0f0      	LDI  R31,HIGH(99)
0000e6 164e      	CP   R4,R30
0000e7 065f      	CPC  R5,R31
0000e8 f418      	BRSH _0x13
0000e9 01f2      	MOVW R30,R4
0000ea 9631      	ADIW R30,1
0000eb c002      	RJMP _0x37
                 ; 0000 00DB         else         count=99;
                 _0x13:
0000ec e6e3      	LDI  R30,LOW(99)
0000ed e0f0      	LDI  R31,HIGH(99)
                 _0x37:
0000ee 012f      	MOVW R4,R30
                 ; 0000 00DC     }
                 ; 0000 00DD };
                 _0x12:
0000ef 9508      	RET
                 ; .FEND
                 ;///////////////////////////////////////////////////////////
                 ;void Display()  //TEST DONE
                 ; 0000 00E0 {
                 _Display:
                 ; .FSTART _Display
                 ; 0000 00E1     unsigned char i,Q;
                 ; 0000 00E2     unsigned char Dvi,Chuc;
                 ; 0000 00E3     Dvi=MA_7SEG[(count)%10];
0000f0 d0a7      	RCALL __SAVELOCR4
                 ;	i -> R17
                 ;	Q -> R16
                 ;	Dvi -> R19
                 ;	Chuc -> R18
0000f1 01d2      	MOVW R26,R4
0000f2 e0ea      	LDI  R30,LOW(10)
0000f3 e0f0      	LDI  R31,HIGH(10)
0000f4 d096      	RCALL __MODW21U
0000f5 5ae0      	SUBI R30,LOW(-_MA_7SEG)
0000f6 4ffe      	SBCI R31,HIGH(-_MA_7SEG)
0000f7 8130      	LD   R19,Z
                 ; 0000 00E4     Chuc=MA_7SEG[(count)/10];
0000f8 01d2      	MOVW R26,R4
0000f9 e0ea      	LDI  R30,LOW(10)
0000fa e0f0      	LDI  R31,HIGH(10)
0000fb d07c      	RCALL __DIVW21U
0000fc 5ae0      	SUBI R30,LOW(-_MA_7SEG)
0000fd 4ffe      	SBCI R31,HIGH(-_MA_7SEG)
0000fe 8120      	LD   R18,Z
                 ; 0000 00E5     Q=Chuc; for(i=0;i<8;i++){SDI=Q&0x80;CLK=0;CLK=1;Q<<=1;}
0000ff 2f02      	MOV  R16,R18
000100 e010      	LDI  R17,LOW(0)
                 _0x16:
000101 3018      	CPI  R17,8
000102 f450      	BRSH _0x17
000103 fd07      	SBRC R16,7
000104 c002      	RJMP _0x18
000105 98ac      	CBI  0x15,4
000106 c001      	RJMP _0x19
                 _0x18:
000107 9aac      	SBI  0x15,4
                 _0x19:
000108 98ab      	CBI  0x15,3
000109 9aab      	SBI  0x15,3
00010a 0f00      	LSL  R16
00010b 5f1f      	SUBI R17,-1
00010c cff4      	RJMP _0x16
                 _0x17:
                 ; 0000 00E6     Q=Dvi; for(i=0;i<8;i++){SDI=Q&0x80;CLK=0;CLK=1;Q<<=1;}
00010d 2f03      	MOV  R16,R19
00010e e010      	LDI  R17,LOW(0)
                 _0x1F:
00010f 3018      	CPI  R17,8
000110 f450      	BRSH _0x20
000111 fd07      	SBRC R16,7
000112 c002      	RJMP _0x21
000113 98ac      	CBI  0x15,4
000114 c001      	RJMP _0x22
                 _0x21:
000115 9aac      	SBI  0x15,4
                 _0x22:
000116 98ab      	CBI  0x15,3
000117 9aab      	SBI  0x15,3
000118 0f00      	LSL  R16
000119 5f1f      	SUBI R17,-1
00011a cff4      	RJMP _0x1F
                 _0x20:
                 ; 0000 00E7     STR=0; STR=1;
00011b 98aa      	CBI  0x15,2
00011c 9aaa      	SBI  0x15,2
                 ; 0000 00E8 };
00011d d07f      	RCALL __LOADLOCR4
00011e 9624      	ADIW R28,4
00011f 9508      	RET
                 ; .FEND
                 ;///////////////////////////////////////////////////////////
                 ;void Power_Check(void) //Test done
                 ; 0000 00EB {
                 _Power_Check:
                 ; .FSTART _Power_Check
                 ; 0000 00EC /* Check the power button to allow system operating normally
                 ; 0000 00ED SW_EMER - Emergency switch if this button was switched on (=0), lock the output signal
                 ; 0000 00EE SW_ON - On/Off button, if this button was pressed toggle on/off the output signal
                 ; 0000 00EF Status =0 -> Signal was disable
                 ; 0000 00F0 Status = 1 -> Signal was enable
                 ; 0000 00F1 */
                 ; 0000 00F2     if(SW_EMER==0)                          //LOCK
000120 99b3      	SBIC 0x16,3
000121 c009      	RJMP _0x2B
                 ; 0000 00F3         {
                 ; 0000 00F4             Status=0;                       //Signal disable
000122 24bb      	CLR  R11
                 ; 0000 00F5             Delay_100us(5000);              //Wait for bound
000123 e8a8      	LDI  R26,LOW(5000)
000124 e1b3      	LDI  R27,HIGH(5000)
000125 df97      	RCALL _Delay_100us
                 ; 0000 00F6             if(SW_EMER==1)                  //UNLOCK
000126 9bb3      	SBIS 0x16,3
000127 c002      	RJMP _0x2C
                 ; 0000 00F7             Status=1;                       //Signal enable
000128 e0e1      	LDI  R30,LOW(1)
000129 2ebe      	MOV  R11,R30
                 ; 0000 00F8         }
                 _0x2C:
                 ; 0000 00F9     else
00012a c00c      	RJMP _0x2D
                 _0x2B:
                 ; 0000 00FA         {
                 ; 0000 00FB             if(SW_ON==0)                    //Switch press toggle the power
00012b 99b5      	SBIC 0x16,5
00012c c00a      	RJMP _0x2E
                 ; 0000 00FC                 {
                 ; 0000 00FD                     Delay_100us(5000);      //Wait for bound
00012d e8a8      	LDI  R26,LOW(5000)
00012e e1b3      	LDI  R27,HIGH(5000)
00012f df8d      	RCALL _Delay_100us
                 ; 0000 00FE                     Status=(Status+1)%2;    //Toggle
000130 2deb      	MOV  R30,R11
000131 e0f0      	LDI  R31,0
000132 9631      	ADIW R30,1
000133 e0a1      	LDI  R26,LOW(1)
000134 e0b0      	LDI  R27,HIGH(1)
000135 d058      	RCALL __MANDW12
000136 2ebe      	MOV  R11,R30
                 ; 0000 00FF                 }
                 ; 0000 0100         }
                 _0x2E:
                 _0x2D:
                 ; 0000 0101     if(Status==1) {LED=0; DDRB|=0x02;}      //System ON, on LED and enable SIGNAL
000137 e0e1      	LDI  R30,LOW(1)
000138 15eb      	CP   R30,R11
000139 f419      	BRNE _0x2F
00013a 98ad      	CBI  0x15,5
00013b 9ab9      	SBI  0x17,1
                 ; 0000 0102     else          {LED=1; DDRB&=~0x02;}     //System OFF, Off LED and disable SIGNAL
00013c c002      	RJMP _0x32
                 _0x2F:
00013d 9aad      	SBI  0x15,5
00013e 98b9      	CBI  0x17,1
                 _0x32:
                 ; 0000 0103 };
00013f 9508      	RET
                 ; .FEND
                 ;///////////////////////////////////////////////////////////
                 ;void Disable_PWM(void)
                 ; 0000 0106 {
                 _Disable_PWM:
                 ; .FSTART _Disable_PWM
                 ; 0000 0107     TCCR1B=(0<<CS12) | (0<<CS11) | (0<<CS10);
000140 e0e0      	LDI  R30,LOW(0)
000141 bdee      	OUT  0x2E,R30
                 ; 0000 0108     TIMSK=(0<<TICIE1);
000142 bfe9      	OUT  0x39,R30
                 ; 0000 0109     SIGNAL=0;
000143 98c1      	CBI  0x18,1
                 ; 0000 010A };
000144 9508      	RET
                 ; .FEND
                 ;///////////////////////////////////////////////////////////
                 ;void Enable_PWM(void)
                 ; 0000 010D {
                 _Enable_PWM:
                 ; .FSTART _Enable_PWM
                 ; 0000 010E     TCCR1A=(1<<COM1A1) | (1<<COM1A0) | (0<<COM1B1) | (0<<COM1B0) | (1<<WGM11) | (0<<WGM10);
000145 ece2      	LDI  R30,LOW(194)
000146 bdef      	OUT  0x2F,R30
                 ; 0000 010F     TCCR1B=(0<<ICNC1) | (0<<ICES1) | (1<<WGM13) | (1<<WGM12) | (0<<CS12) | (0<<CS11) | (1<<CS10);
000147 e1e9      	LDI  R30,LOW(25)
000148 bdee      	OUT  0x2E,R30
                 ; 0000 0110     TIMSK=(1<<TICIE1);
000149 e2e0      	LDI  R30,LOW(32)
00014a bfe9      	OUT  0x39,R30
                 ; 0000 0111     Load=(count*(0xF9FF))/100;
00014b 01f2      	MOVW R30,R4
00014c efaf      	LDI  R26,LOW(63999)
00014d efb9      	LDI  R27,HIGH(63999)
00014e d021      	RCALL __MULW12U
00014f 01df      	MOVW R26,R30
000150 e6e4      	LDI  R30,LOW(100)
000151 e0f0      	LDI  R31,HIGH(100)
000152 d025      	RCALL __DIVW21U
000153 016f      	MOVW R12,R30
                 ; 0000 0112     ICR1H=0xF9FF>> 8;           //Top value
000154 efe9      	LDI  R30,LOW(249)
000155 bde7      	OUT  0x27,R30
                 ; 0000 0113     ICR1L=0xF9FF& 0xFF;
000156 efef      	LDI  R30,LOW(255)
000157 bde6      	OUT  0x26,R30
                 ; 0000 0114     OCR1AH=Load>> 8;          //Count value
000158 2ded      	MOV  R30,R13
000159 70f0      	ANDI R31,HIGH(0x0)
00015a bdeb      	OUT  0x2B,R30
                 ; 0000 0115     OCR1AL=Load& 0xFF;
00015b 2dec      	MOV  R30,R12
00015c bdea      	OUT  0x2A,R30
                 ; 0000 0116 };
00015d 9508      	RET
                 ; .FEND
                 ;/*--------------------------------------------------------*/
                 
                 	.DSEG
                 _MA_7SEG:
000160           	.BYTE 0xA
                 
                 	.CSEG
                 ;OPTIMIZER ADDED SUBROUTINE, CALLED 2 TIMES, CODE SIZE REDUCTION:10 WORDS
                 SUBOPT_0x0:
00015e 920a      	ST   -Y,R0
00015f 921a      	ST   -Y,R1
000160 92fa      	ST   -Y,R15
000161 936a      	ST   -Y,R22
000162 937a      	ST   -Y,R23
000163 938a      	ST   -Y,R24
000164 939a      	ST   -Y,R25
000165 93aa      	ST   -Y,R26
000166 93ba      	ST   -Y,R27
000167 93ea      	ST   -Y,R30
000168 93fa      	ST   -Y,R31
000169 b7ef      	IN   R30,SREG
00016a 93ea      	ST   -Y,R30
00016b 9508      	RET
                 
                 
                 	.CSEG
                 __ANEGW1:
00016c 95f1      	NEG  R31
00016d 95e1      	NEG  R30
00016e 40f0      	SBCI R31,0
00016f 9508      	RET
                 
                 __MULW12U:
000170 9ffa      	MUL  R31,R26
000171 2df0      	MOV  R31,R0
000172 9feb      	MUL  R30,R27
000173 0df0      	ADD  R31,R0
000174 9fea      	MUL  R30,R26
000175 2de0      	MOV  R30,R0
000176 0df1      	ADD  R31,R1
000177 9508      	RET
                 
                 __DIVW21U:
000178 2400      	CLR  R0
000179 2411      	CLR  R1
00017a e190      	LDI  R25,16
                 __DIVW21U1:
00017b 0faa      	LSL  R26
00017c 1fbb      	ROL  R27
00017d 1c00      	ROL  R0
00017e 1c11      	ROL  R1
00017f 1a0e      	SUB  R0,R30
000180 0a1f      	SBC  R1,R31
000181 f418      	BRCC __DIVW21U2
000182 0e0e      	ADD  R0,R30
000183 1e1f      	ADC  R1,R31
000184 c001      	RJMP __DIVW21U3
                 __DIVW21U2:
000185 60a1      	SBR  R26,1
                 __DIVW21U3:
000186 959a      	DEC  R25
000187 f799      	BRNE __DIVW21U1
000188 01fd      	MOVW R30,R26
000189 01d0      	MOVW R26,R0
00018a 9508      	RET
                 
                 __MODW21U:
00018b dfec      	RCALL __DIVW21U
00018c 01fd      	MOVW R30,R26
00018d 9508      	RET
                 
                 __MANDW12:
00018e 94e8      	CLT
00018f fff7      	SBRS R31,7
000190 c002      	RJMP __MANDW121
000191 dfda      	RCALL __ANEGW1
000192 9468      	SET
                 __MANDW121:
000193 23ea      	AND  R30,R26
000194 23fb      	AND  R31,R27
000195 f40e      	BRTC __MANDW122
000196 dfd5      	RCALL __ANEGW1
                 __MANDW122:
000197 9508      	RET
                 
                 __SAVELOCR4:
000198 933a      	ST   -Y,R19
                 __SAVELOCR3:
000199 932a      	ST   -Y,R18
                 __SAVELOCR2:
00019a 931a      	ST   -Y,R17
00019b 930a      	ST   -Y,R16
00019c 9508      	RET
                 
                 __LOADLOCR4:
00019d 813b      	LDD  R19,Y+3
                 __LOADLOCR3:
00019e 812a      	LDD  R18,Y+2
                 __LOADLOCR2:
00019f 8119      	LDD  R17,Y+1
0001a0 8108      	LD   R16,Y
0001a1 9508      	RET
                 
                 ;END OF CODE MARKER
                 __END_OF_CODE:


RESOURCE USE INFORMATION
------------------------

Notice:
The register and instruction counts are symbol table hit counts,
and hence implicitly used resources are not counted, eg, the
'lpm' instruction without operands implicitly uses r0 and z,
none of which are counted.

x,y,z are separate entities in the symbol table and are
counted separately from r26..r31 here.

.dseg memory usage only counts static data declared with .byte

ATmega8 register use summary:
r0 :  17 r1 :   8 r2 :   0 r3 :   0 r4 :  10 r5 :   3 r6 :   4 r7 :   2 
r8 :   4 r9 :   2 r10:   0 r11:   5 r12:   2 r13:   1 r14:   0 r15:   2 
r16:   8 r17:   8 r18:   4 r19:   4 r20:   0 r21:   0 r22:   4 r23:   2 
r24:   9 r25:   6 r26:  25 r27:  14 r28:   3 r29:   1 r30: 139 r31:  34 
x  :   3 y  :  46 z  :   9 
Registers used: 29 out of 35 (82.9%)

ATmega8 instruction use summary:
.lds  :   0 .lds.l:   0 .sts  :   0 .sts.l:   0 adc   :   1 add   :   3 
adiw  :   6 and   :   2 andi  :   2 asr   :   0 bclr  :   0 bld   :   0 
brbc  :   0 brbs  :   0 brcc  :   1 brcs  :   0 break :   0 breq  :   1 
brge  :   0 brhc  :   0 brhs  :   0 brid  :   0 brie  :   0 brlo  :   2 
brlt  :   0 brmi  :   0 brne  :   6 brpl  :   0 brsh  :   4 brtc  :   1 
brts  :   0 brvc  :   0 brvs  :   0 bset  :   0 bst   :   0 cbi   :   8 
cbr   :   0 clc   :   0 clh   :   0 cli   :   1 cln   :   0 clr   :  12 
cls   :   0 clt   :   1 clv   :   0 clz   :   0 com   :   0 cp    :   5 
cpc   :   5 cpi   :   3 cpse  :   0 dec   :   2 des   :   0 eor   :   0 
fmul  :   0 fmuls :   0 fmulsu:   0 icall :   0 ijmp  :   0 in    :   6 
inc   :   0 ld    :  21 ldd   :   4 ldi   :  70 lds   :   0 lpm   :   7 
lsl   :   3 lsr   :   0 mov   :   9 movw  :  19 mul   :   3 muls  :   0 
mulsu :   0 neg   :   2 nop   :   0 or    :   0 ori   :   2 out   :  39 
pop   :   0 push  :   0 rcall :  25 ret   :  20 reti  :   3 rjmp  :  42 
rol   :   3 ror   :   0 sbc   :   1 sbci  :   3 sbi   :   7 sbic  :   4 
sbis  :   1 sbiw  :   4 sbr   :   1 sbrc  :   2 sbrs  :   1 sec   :   0 
seh   :   0 sei   :   1 sen   :   0 ser   :   0 ses   :   0 set   :   1 
sev   :   0 sez   :   0 sleep :   0 spm   :   0 st    :  26 std   :   0 
sts   :   0 sub   :   1 subi  :   4 swap  :   0 tst   :   0 wdr   :   0 

Instructions used: 50 out of 114 (43.9%)

ATmega8 memory use summary [bytes]:
Segment   Begin    End      Code   Data   Used    Size   Use%
---------------------------------------------------------------
[.cseg] 0x000000 0x000344    802     34    836    8192  10.2%
[.dseg] 0x000060 0x00016a      0     10     10    1024   1.0%
[.eseg] 0x000000 0x000000      0      0      0     512   0.0%

Assembly complete, 0 errors, 9 warnings
